Command: S
Command: S
Command: A
Command: W
Command: A
Command: A
Command: A
Command: A
Command: A
Command: A
Command: A
Command: A
Command: A
Command: A
Command: A
Command: A
Command: A
Command: A
Command: S
Command: S
Command: S
Command: S
Command: D
Command: D
Command: W
Command: W
Command: D
Command: D
Command: D
Command: D
Command: D
Command: D
Command: D
Command: D
Command: A
Command: A
Command: A
Command: A
Command: S
Command: S
Command: D
Command: S
Command: S
Command: D
Command: S
Command: S
Command: D
Command: D
Command: D
Command: D
Command: D
Command: W
Command: W
Returning receiver thread...
