Starting PacmanIST server (Etapa 1.2)
Levels dir: /Users/manuelsoares/Desktop/tekas/2ano/semestre1/SO/project2/codigo/SO-Project-2/levels
Max games: 3
Registry pipe: /tmp/pacmanist_server
Registry FIFO created: /tmp/pacmanist_server
Starting host thread and manager threads
Host thread started
All threads created, server is running
Manager thread 0 started
Manager thread 1 started
Manager thread 2 started
Registry pipe opened in host thread
Connection request received: req=/tmp/cliente1_request notif=/tmp/cliente1_notification
Connection request inserted into buffer
Manager 0: Got connection request
Manager 0: Using session slot 0
Session 0: Found 2 levels, current level: 0
Session 0: Loading level level1.lvl (index 0)
DIM = 16 x 10
TEMPO = 100
MON file: /Users/manuelsoares/Desktop/tekas/2ano/semestre1/SO/project2/codigo/SO-Project-2/levels/monstro1.m
Line: XXXXXXXXXXXXXXXX
Line: Xoooooooooooooxx
Line: XoXXXoXXXXoXXooX
Line: XoXoooooooooXooX
Line: XoXoXXXoXXXoXooX
Line: XoooXoooooXooo@X
Line: XoXXXoXXXoXXXooX
Line: XooooooooooooooX
Line: XooooooooooooooX
Line: XXXXXXXXXXXXXXXX
Ghost passo: 1
Ghost Pos = 5 x 8
Session 0 handler started
Pipes opened successfully
Session 0: Received play command: S
Session 0: Received play command: S
Session 0: Received play command: S
Session 0: Received play command: S
Session 0: Received play command: S
Session 0: Received play command: S
Session 0: Received play command: S
Session 0: Received play command: S
Session 0: Received play command: S
Session 0: Received play command: D
Session 0: Received play command: D
Session 0: Received play command: D
Session 0: Received play command: D
Session 0: Received play command: D
Killing 0 pacman

Session 0: Pacman died (manual)!
Session 0: Waiting for client to process final update
Session 0: Cleaning up resources
Session 0 ended
Connection request received: req=/tmp/cliente2_request notif=/tmp/cliente2_notification
Connection request inserted into buffer
Manager 2: Got connection request
Manager 2: Using session slot 0
Session 0: Found 2 levels, current level: 0
Session 0: Loading level level1.lvl (index 0)
DIM = 16 x 10
TEMPO = 100
MON file: /Users/manuelsoares/Desktop/tekas/2ano/semestre1/SO/project2/codigo/SO-Project-2/levels/monstro1.m
Line: XXXXXXXXXXXXXXXX
Line: Xoooooooooooooxx
Line: XoXXXoXXXXoXXooX
Line: XoXoooooooooXooX
Line: XoXoXXXoXXXoXooX
Line: XoooXoooooXooo@X
Line: XoXXXoXXXoXXXooX
Line: XooooooooooooooX
Line: XooooooooooooooX
Line: XXXXXXXXXXXXXXXX
Ghost passo: 1
Ghost Pos = 5 x 8
Session 0 handler started
Pipes opened successfully
Session 0: Received play command: S
Session 0: Received play command: S
Session 0: Received play command: S
Session 0: Received play command: S
Session 0: Received play command: S
Session 0: Received play command: S
Session 0: Received play command: D
Session 0: Received play command: D
Session 0: Received play command: D
Session 0: Received play command: D
Session 0: Received play command: D
Session 0: Received play command: D
Session 0: Received play command: D
Session 0: Received play command: D
Session 0: Received play command: D
Session 0: Received play command: D
Session 0: Received play command: D
Session 0: Received play command: W
Session 0: Received play command: W
Session 0: Received play command: D
Session 0: Received play command: W
Session 0: Received play command: W
Session 0: Received play command: W
Session 0: Received play command: W
Session 0: Received play command: D
Session 0: Received play command: S
Session 0: Received play command: S
Session 0: Pacman reached portal (manual)!
Session 0: Found 2 levels, current level: 1
Session 0: Loading level level2.lvl (index 1)
DIM = 20 x 12
TEMPO = 120
PAC = /Users/manuelsoares/Desktop/tekas/2ano/semestre1/SO/project2/codigo/SO-Project-2/levels/pacman2.p
MON file: /Users/manuelsoares/Desktop/tekas/2ano/semestre1/SO/project2/codigo/SO-Project-2/levels/monstro2.m
MON file: /Users/manuelsoares/Desktop/tekas/2ano/semestre1/SO/project2/codigo/SO-Project-2/levels/monstro3.m
Line: XXXXXXXXXXXXXXXXXXXXX
Line: XoooooooooooooooooooX
Line: XoXXXXoXXXXoXXXXoXXoX
Line: XoXoooXoooooooooXoooX
Line: XoXoXoXoXXXXXXoXoXoXX
Line: XoooXoooXoooooXoXoooX
Line: XoXXXoXXXoXXXoXXXoXoX
Line: XoooooXoooooooooXoooX
Line: XoXXXXXoXXXXoXXXXXXoX
Line: XoooooooooooooooooooX
Line: XoooooooooooooooooooX
Line: XXXXXXXXXXXXXXXXXXXXX
Pacman passo: 0
Pacman Pos = 1 x 1
Ghost passo: 2
Ghost Pos = 3 x 10
Ghost passo: 1
Ghost Pos = 7 x 15
Session 0: Received play command: S
Session 0: Received play command: S
Session 0: Received play command: S
Session 0: Received play command: S
Session 0: Received play command: S
Session 0: Received play command: S
Session 0: Received play command: S
Session 0: Received play command: S
Session 0: Received play command: S
Session 0: Received play command: S
Session 0: Received play command: S
Session 0: Received play command: S
Session 0: Received play command: S
Session 0: Received play command: D
Session 0: Received play command: D
Killing 0 pacman

Session 0: Received disconnect request
