Starting server. Max games: 2
Host thread started
Manager 0 started
Manager 1 started
Server running...
Connect req: /tmp/3_request
Session 0: Found 2 levels, current: 0
Session 0: Loading level1.lvl
DIM = 16 x 10
TEMPO = 100
PAC = levels/pacman.p
MON file: levels/monstro1.m
Line: XXXXXXXXXXXXXXXX
Line: Xoooooooooooooxx
Line: XoXXXoXXXXoXXooX
Line: XoXoooooooooXooX
Line: XoXoXXXoXXXoXooX
Line: XoooXoooooXooo@X
Line: XoXXXoXXXoXXXooX
Line: XooooooooooooooX
Line: XooooooooooooooX
Line: XXXXXXXXXXXXXXXX
Pacman passo: 0
Pacman Pos = 1 x 1
Ghost passo: 1
Ghost Pos = 5 x 8
Session 0 handler started
Connect req: /tmp/4_request
Session 1: Found 2 levels, current: 0
Session 1: Loading level1.lvl
DIM = 16 x 10
TEMPO = 100
PAC = levels/pacman.p
MON file: levels/monstro1.m
Line: XXXXXXXXXXXXXXXX
Line: Xoooooooooooooxx
Line: XoXXXoXXXXoXXooX
Line: XoXoooooooooXooX
Line: XoXoXXXoXXXoXooX
Line: XoooXoooooXooo@X
Line: XoXXXoXXXoXXXooX
Line: XooooooooooooooX
Line: XooooooooooooooX
Line: XXXXXXXXXXXXXXXX
Pacman passo: 0
Pacman Pos = 1 x 1
Ghost passo: 1
Ghost Pos = 5 x 8
Session 1 handler started
Client disconnected or error
Session 1 ended (Slot freed)
Connect req: /tmp/4_request
Session 1: Found 2 levels, current: 0
Session 1: Loading level1.lvl
DIM = 16 x 10
TEMPO = 100
PAC = levels/pacman.p
MON file: levels/monstro1.m
Line: XXXXXXXXXXXXXXXX
Line: Xoooooooooooooxx
Line: XoXXXoXXXXoXXooX
Line: XoXoooooooooXooX
Line: XoXoXXXoXXXoXooX
Line: XoooXoooooXooo@X
Line: XoXXXoXXXoXXXooX
Line: XooooooooooooooX
Line: XooooooooooooooX
Line: XXXXXXXXXXXXXXXX
Pacman passo: 0
Pacman Pos = 1 x 1
Ghost passo: 1
Ghost Pos = 5 x 8
Session 1 handler started
Client disconnected or error
Session 1 ended (Slot freed)
Connect req: /tmp/2_request
Session 1: Found 2 levels, current: 0
Session 1: Loading level1.lvl
DIM = 16 x 10
TEMPO = 100
PAC = levels/pacman.p
MON file: levels/monstro1.m
Line: XXXXXXXXXXXXXXXX
Line: Xoooooooooooooxx
Line: XoXXXoXXXXoXXooX
Line: XoXoooooooooXooX
Line: XoXoXXXoXXXoXooX
Line: XoooXoooooXooo@X
Line: XoXXXoXXXoXXXooX
Line: XooooooooooooooX
Line: XooooooooooooooX
Line: XXXXXXXXXXXXXXXX
Pacman passo: 0
Pacman Pos = 1 x 1
Ghost passo: 1
Ghost Pos = 5 x 8
Session 1 handler started
Client disconnected or error
Session 1 ended (Slot freed)
Connect req: /tmp/3_request
Session 1: Found 2 levels, current: 0
Session 1: Loading level1.lvl
DIM = 16 x 10
TEMPO = 100
PAC = levels/pacman.p
MON file: levels/monstro1.m
Line: XXXXXXXXXXXXXXXX
Line: Xoooooooooooooxx
Line: XoXXXoXXXXoXXooX
Line: XoXoooooooooXooX
Line: XoXoXXXoXXXoXooX
Line: XoooXoooooXooo@X
Line: XoXXXoXXXoXXXooX
Line: XooooooooooooooX
Line: XooooooooooooooX
Line: XXXXXXXXXXXXXXXX
Pacman passo: 0
Pacman Pos = 1 x 1
Ghost passo: 1
Ghost Pos = 5 x 8
Session 1 handler started
Client disconnected or error
Session 1 ended (Slot freed)
